0 info it worked if it ends with ok
1 verbose cli [ '/usr/local/bin/node',
1 verbose cli   '/usr/local/bin/npm',
1 verbose cli   'link',
1 verbose cli   'mochawrapper' ]
2 info using npm@1.1.48
3 info using node@v0.8.6
4 verbose config file /home/foxyboy/.npmrc
5 verbose config file /usr/local/etc/npmrc
6 verbose config file /usr/local/lib/node_modules/npm/npmrc
7 verbose install where,what [ '/usr/local/lib', [ 'mochawrapper' ] ]
8 verbose read json /usr/local/lib/package.json
9 verbose read json /usr/local/lib/node_modules/greatjson/package.json
10 verbose read json /usr/local/lib/node_modules/npm/package.json
11 verbose read json /usr/local/lib/node_modules/tagfinder/package.json
12 verbose read json /usr/local/lib/node_modules/node-inspector/package.json
13 verbose read json /usr/local/lib/node_modules/haraldutil/package.json
14 verbose read json /usr/local/lib/node_modules/haraldops/package.json
15 verbose read json /usr/local/lib/node_modules/webfiller/package.json
16 verbose read json /usr/local/lib/package.json
17 verbose cache add [ 'mochawrapper', null ]
18 silly cache add name=undefined spec="mochawrapper" args=["mochawrapper",null]
19 verbose parsed url { pathname: 'mochawrapper',
19 verbose parsed url   path: 'mochawrapper',
19 verbose parsed url   href: 'mochawrapper' }
20 silly lockFile 0867921c-mochawrapper mochawrapper
21 verbose lock mochawrapper /home/foxyboy/.npm/0867921c-mochawrapper.lock
22 silly lockFile 0867921c-mochawrapper mochawrapper
23 verbose addNamed [ 'mochawrapper', '' ]
24 verbose addNamed [ null, '' ]
25 silly lockFile 8e00d88e-mochawrapper mochawrapper@
26 verbose lock mochawrapper@ /home/foxyboy/.npm/8e00d88e-mochawrapper.lock
27 silly addNameRange { name: 'mochawrapper', range: '', hasData: false }
28 verbose url raw mochawrapper
29 verbose url resolving [ 'https://registry.npmjs.org/', './mochawrapper' ]
30 verbose url resolved https://registry.npmjs.org/mochawrapper
31 info retry registry request attempt 1 at 15:25:44
32 http GET https://registry.npmjs.org/mochawrapper
33 http 404 https://registry.npmjs.org/mochawrapper
34 silly registry.get cb [ 404,
34 silly registry.get   { server: 'CouchDB/1.2.0 (Erlang OTP/R15B)',
34 silly registry.get     date: 'Tue, 21 Aug 2012 22:25:45 GMT',
34 silly registry.get     'content-type': 'application/json',
34 silly registry.get     'content-length': '52',
34 silly registry.get     'cache-control': 'must-revalidate' } ]
35 silly lockFile 8e00d88e-mochawrapper mochawrapper@
36 error 404 'mochawrapper' is not in the npm registry.
36 error 404 You should bug the author to publish it
36 error 404
36 error 404 Note that you can also install from a
36 error 404 tarball, folder, or http url, or git url.
37 error System Linux 3.2.0-29-generic
38 error command "/usr/local/bin/node" "/usr/local/bin/npm" "link" "mochawrapper"
39 error cwd /home/foxyboy/Desktop/c505/node/mochawrapper
40 error node -v v0.8.6
41 error npm -v 1.1.48
42 error code E404
43 verbose exit [ 1, true ]
